<?xml version="1.0" encoding="UTF-8"?>
<!-- Generated by org.testng.reporters.JUnitReportReporter -->
<testsuite hostname="Dineshkumar" failures="0" tests="2" name="com.testng.CrossBrowserTest" time="0.008" errors="0" timestamp="2024-02-13T17:54:54 IST" skipped="0">
  <testcase classname="com.testng.CrossBrowserTest" name="login" time="0.001"/>
  <testcase classname="com.testng.CrossBrowserTest" name="login" time="0.007"/>
</testsuite> <!-- com.testng.CrossBrowserTest -->
