<?xml version="1.0" encoding="UTF-8"?>
<!-- Generated by org.testng.reporters.JUnitReportReporter -->
<testsuite hostname="Dineshkumar" failures="0" tests="4" name="com.testng.Ignore_Test" time="0.010" errors="0" timestamp="2024-02-09T17:34:37 IST" skipped="2">
  <testcase classname="com.testng.Ignore_Test" name="instaLogin" time="0.009"/>
  <testcase classname="com.testng.Ignore_Test" name="meeshoLogin" time="0.001"/>
  <testcase classname="com.testng.Ignore_Test" name="facebookLogin">
    <skipped/>
  </testcase> <!-- facebookLogin -->
  <testcase classname="com.testng.Ignore_Test" name="amazonLogin">
    <skipped/>
  </testcase> <!-- amazonLogin -->
</testsuite> <!-- com.testng.Ignore_Test -->
