<?xml version="1.0" encoding="UTF-8"?>
<!-- Generated by org.testng.reporters.JUnitReportReporter -->
<testsuite hostname="Dineshkumar" failures="0" tests="4" name="com.testng.ExpectedException" time="1.520" errors="0" timestamp="2024-02-13T17:37:46 IST" skipped="0">
  <testcase classname="com.testng.ExpectedException" name="myntraLogin" time="0.003"/>
  <testcase classname="com.testng.ExpectedException" name="meeshoLogin" time="1.506"/>
  <testcase classname="com.testng.ExpectedException" name="instaLogin" time="0.002"/>
  <testcase classname="com.testng.ExpectedException" name="amazonLogin" time="0.009"/>
</testsuite> <!-- com.testng.ExpectedException -->
