<?xml version="1.0" encoding="UTF-8"?>
<!-- Generated by org.testng.reporters.JUnitReportReporter -->
<testsuite hostname="Dineshkumar" failures="0" tests="1" name="com.testng.Parameter" time="0.270" errors="0" timestamp="2024-02-14T17:31:26 IST" skipped="0">
  <testcase classname="com.testng.Parameter" name="login" time="0.270"/>
</testsuite> <!-- com.testng.Parameter -->
