<?xml version="1.0" encoding="UTF-8"?>
<!-- Generated by org.testng.reporters.JUnitReportReporter -->
<testsuite hostname="Dineshkumar" failures="0" tests="2" name="com.testng.SimpleAnnotation" time="0.009" errors="0" timestamp="2024-02-08T18:01:44 IST" skipped="0">
  <testcase classname="com.testng.SimpleAnnotation" name="searchLaptop" time="0.008"/>
  <testcase classname="com.testng.SimpleAnnotation" name="searchMobile" time="0.001"/>
</testsuite> <!-- com.testng.SimpleAnnotation -->
