<?xml version="1.0" encoding="UTF-8"?>
<!-- Generated by org.testng.reporters.JUnitReportReporter -->
<testsuite hostname="Dineshkumar" failures="0" tests="3" name="com.testng.Grouping" time="0.012" errors="0" timestamp="2024-02-13T17:27:45 IST" skipped="0">
  <testcase classname="com.testng.Grouping" name="instaLogin" time="0.010"/>
  <testcase classname="com.testng.Grouping" name="meeshoLogin" time="0.001"/>
  <testcase classname="com.testng.Grouping" name="myntraLogin" time="0.001"/>
</testsuite> <!-- com.testng.Grouping -->
