<?xml version="1.0" encoding="UTF-8"?>
<!-- Generated by org.testng.reporters.JUnitReportReporter -->
<testsuite hostname="Dineshkumar" failures="0" tests="3" name="com.testng.Data_Provider" time="1.468" errors="0" timestamp="2024-02-14T17:51:48 IST" skipped="0">
  <testcase classname="com.testng.Data_Provider" name="login" time="0.543"/>
  <testcase classname="com.testng.Data_Provider" name="login" time="0.462"/>
  <testcase classname="com.testng.Data_Provider" name="login" time="0.463"/>
</testsuite> <!-- com.testng.Data_Provider -->
