<?xml version="1.0" encoding="UTF-8"?>
<!-- Generated by org.testng.reporters.JUnitReportReporter -->
<testsuite hostname="Dineshkumar" failures="0" tests="8" name="com.testng.Invocation_Count" time="0.009" errors="0" timestamp="2024-02-09T17:50:54 IST" skipped="0">
  <testcase classname="com.testng.Invocation_Count" name="amazonLogin" time="0.007"/>
  <testcase classname="com.testng.Invocation_Count" name="instaLogin" time="0.001"/>
  <testcase classname="com.testng.Invocation_Count" name="facebookLogin" time="0.000"/>
  <testcase classname="com.testng.Invocation_Count" name="myntraLogin" time="0.000"/>
  <testcase classname="com.testng.Invocation_Count" name="myntraLogin" time="0.000"/>
  <testcase classname="com.testng.Invocation_Count" name="meeshoLogin" time="0.001"/>
  <testcase classname="com.testng.Invocation_Count" name="meeshoLogin" time="0.000"/>
  <testcase classname="com.testng.Invocation_Count" name="meeshoLogin" time="0.000"/>
</testsuite> <!-- com.testng.Invocation_Count -->
