<?xml version="1.0" encoding="UTF-8"?>
<!-- Generated by org.testng.reporters.JUnitReportReporter -->
<testsuite hostname="Dineshkumar" failures="0" tests="5" name="com.testng.Priority_Test" time="0.014" errors="0" timestamp="2024-02-09T17:27:53 IST" skipped="0">
  <testcase classname="com.testng.Priority_Test" name="instaLogin" time="0.010"/>
  <testcase classname="com.testng.Priority_Test" name="facebookLogin" time="0.000"/>
  <testcase classname="com.testng.Priority_Test" name="amazonLogin" time="0.002"/>
  <testcase classname="com.testng.Priority_Test" name="myntraLogin" time="0.001"/>
  <testcase classname="com.testng.Priority_Test" name="meeshoLogin" time="0.001"/>
</testsuite> <!-- com.testng.Priority_Test -->
