<?xml version="1.0" encoding="UTF-8"?>
<!-- Generated by org.testng.reporters.JUnitReportReporter -->
<testsuite hostname="Dineshkumar" failures="0" tests="4" name="com.testng.TimeoutException_Test" time="2.069" errors="0" timestamp="2024-02-13T17:41:53 IST" skipped="0">
  <testcase classname="com.testng.TimeoutException_Test" name="meeshoLogin" time="1.515"/>
  <testcase classname="com.testng.TimeoutException_Test" name="instaLogin" time="0.001"/>
  <testcase classname="com.testng.TimeoutException_Test" name="amazonLogin" time="0.007"/>
  <testcase classname="com.testng.TimeoutException_Test" name="myntraLogin" time="0.546"/>
</testsuite> <!-- com.testng.TimeoutException_Test -->
