<?xml version="1.0" encoding="UTF-8"?>
<!-- Generated by org.testng.reporters.JUnitReportReporter -->
<testsuite hostname="Dineshkumar" failures="0" tests="5" name="com.testng.Parallee_Test" time="3.553" errors="0" timestamp="2024-02-13T17:34:02 IST" skipped="0">
  <testcase classname="com.testng.Parallee_Test" name="instaLogin" time="0.009"/>
  <testcase classname="com.testng.Parallee_Test" name="amazonLogin" time="0.009"/>
  <testcase classname="com.testng.Parallee_Test" name="meeshoLogin" time="1.509"/>
  <testcase classname="com.testng.Parallee_Test" name="myntraLogin" time="2.017"/>
  <testcase classname="com.testng.Parallee_Test" name="facebookLogin" time="0.009"/>
</testsuite> <!-- com.testng.Parallee_Test -->
